This file contains any messages produced by compilers while
running configure, to aid debugging if configure makes a mistake.

It was created by configure, which was
generated by GNU Autoconf 2.69.  Invocation command line was

  $ ./configure --build=x86_64-linux-gnu --prefix=/usr --includedir=${prefix}/include --mandir=${prefix}/share/man --infodir=${prefix}/share/info --sysconfdir=/etc --localstatedir=/var --disable-silent-rules --libdir=${prefix}/lib/x86_64-linux-gnu --libexecdir=${prefix}/lib/x86_64-linux-gnu --disable-maintainer-mode --disable-dependency-tracking

## --------- ##
## Platform. ##
## --------- ##

hostname = david-p51
uname -m = x86_64
uname -r = 4.19.0-12-amd64
uname -s = Linux
uname -v = #1 SMP Debian 4.19.152-1 (2020-10-18)

/usr/bin/uname -p = unknown
/bin/uname -X     = unknown

/bin/arch              = unknown
/usr/bin/arch -k       = unknown
/usr/convex/getsysinfo = unknown
/usr/bin/hostinfo      = unknown
/bin/machine           = unknown
/usr/bin/oslevel       = unknown
/bin/universe          = unknown

PATH: /usr/sbin
PATH: /usr/bin
PATH: /sbin
PATH: /bin
PATH: /usr/bin/X11


## ----------- ##
## Core tests. ##
## ----------- ##

configure:2592: checking for a BSD-compatible install
configure:2660: result: /usr/bin/install -c
configure:2671: checking whether build environment is sane
configure:2726: result: yes
configure:2875: checking for a thread-safe mkdir -p
configure:2914: result: /bin/mkdir -p
configure:2921: checking for gawk
configure:2937: found /usr/bin/gawk
configure:2948: result: gawk
configure:2959: checking whether make sets $(MAKE)
configure:2981: result: yes
configure:3010: checking whether make supports nested variables
configure:3027: result: yes
configure:3203: checking for gcc
configure:3219: found /usr/bin/gcc
configure:3230: result: gcc
configure:3459: checking for C compiler version
configure:3468: gcc --version >&5
gcc (Debian 8.3.0-6) 8.3.0
Copyright (C) 2018 Free Software Foundation, Inc.
This is free software; see the source for copying conditions.  There is NO
warranty; not even for MERCHANTABILITY or FITNESS FOR A PARTICULAR PURPOSE.

configure:3479: $? = 0
configure:3468: gcc -v >&5
Using built-in specs.
COLLECT_GCC=gcc
COLLECT_LTO_WRAPPER=/usr/lib/gcc/x86_64-linux-gnu/8/lto-wrapper
OFFLOAD_TARGET_NAMES=nvptx-none
OFFLOAD_TARGET_DEFAULT=1
Target: x86_64-linux-gnu
Configured with: ../src/configure -v --with-pkgversion='Debian 8.3.0-6' --with-bugurl=file:///usr/share/doc/gcc-8/README.Bugs --enable-languages=c,ada,c++,go,brig,d,fortran,objc,obj-c++ --prefix=/usr --with-gcc-major-version-only --program-suffix=-8 --program-prefix=x86_64-linux-gnu- --enable-shared --enable-linker-build-id --libexecdir=/usr/lib --without-included-gettext --enable-threads=posix --libdir=/usr/lib --enable-nls --enable-bootstrap --enable-clocale=gnu --enable-libstdcxx-debug --enable-libstdcxx-time=yes --with-default-libstdcxx-abi=new --enable-gnu-unique-object --disable-vtable-verify --enable-libmpx --enable-plugin --enable-default-pie --with-system-zlib --with-target-system-zlib --enable-objc-gc=auto --enable-multiarch --disable-werror --with-arch-32=i686 --with-abi=m64 --with-multilib-list=m32,m64,mx32 --enable-multilib --with-tune=generic --enable-offload-targets=nvptx-none --without-cuda-driver --enable-checking=release --build=x86_64-linux-gnu --host=x86_64-linux-gnu --target=x86_64-linux-gnu
Thread model: posix
gcc version 8.3.0 (Debian 8.3.0-6) 
configure:3479: $? = 0
configure:3468: gcc -V >&5
gcc: error: unrecognized command line option '-V'
gcc: fatal error: no input files
compilation terminated.
configure:3479: $? = 1
configure:3468: gcc -qversion >&5
gcc: error: unrecognized command line option '-qversion'; did you mean '--version'?
gcc: fatal error: no input files
compilation terminated.
configure:3479: $? = 1
configure:3499: checking whether the C compiler works
configure:3521: gcc -g -O2 -fdebug-prefix-map=/home/david/git/crfpp/CRF++-0.58=. -fstack-protector-strong -Wformat -Werror=format-security -Wdate-time -D_FORTIFY_SOURCE=2 -Wl,-z,relro conftest.c  >&5
configure:3525: $? = 0
configure:3573: result: yes
configure:3576: checking for C compiler default output file name
configure:3578: result: a.out
configure:3584: checking for suffix of executables
configure:3591: gcc -o conftest -g -O2 -fdebug-prefix-map=/home/david/git/crfpp/CRF++-0.58=. -fstack-protector-strong -Wformat -Werror=format-security -Wdate-time -D_FORTIFY_SOURCE=2 -Wl,-z,relro conftest.c  >&5
configure:3595: $? = 0
configure:3617: result: 
configure:3639: checking whether we are cross compiling
configure:3647: gcc -o conftest -g -O2 -fdebug-prefix-map=/home/david/git/crfpp/CRF++-0.58=. -fstack-protector-strong -Wformat -Werror=format-security -Wdate-time -D_FORTIFY_SOURCE=2 -Wl,-z,relro conftest.c  >&5
configure:3651: $? = 0
configure:3658: ./conftest
configure:3662: $? = 0
configure:3650: result: no
configure:3655: checking for suffix of object files
configure:3677: gcc -c -g -O2 -fdebug-prefix-map=/home/david/git/crfpp/CRF++-0.58=. -fstack-protector-strong -Wformat -Werror=format-security -Wdate-time -D_FORTIFY_SOURCE=2 conftest.c >&5
configure:3681: $? = 0
configure:3702: result: o
configure:3706: checking whether we are using the GNU C compiler
configure:3725: gcc -c -g -O2 -fdebug-prefix-map=/home/david/git/crfpp/CRF++-0.58=. -fstack-protector-strong -Wformat -Werror=format-security -Wdate-time -D_FORTIFY_SOURCE=2 conftest.c >&5
configure:3725: $? = 0
configure:3734: result: yes
configure:3743: checking whether gcc accepts -g
configure:3763: gcc -c -g -Wdate-time -D_FORTIFY_SOURCE=2 conftest.c >&5
configure:3763: $? = 0
configure:3804: result: yes
configure:3821: checking for gcc option to accept ISO C89
configure:3884: gcc  -c -g -O2 -fdebug-prefix-map=/home/david/git/crfpp/CRF++-0.58=. -fstack-protector-strong -Wformat -Werror=format-security -Wdate-time -D_FORTIFY_SOURCE=2 conftest.c >&5
configure:3884: $? = 0
configure:3897: result: none needed
configure:3922: checking whether gcc understands -c and -o together
configure:3944: gcc -c conftest.c -o conftest2.o
configure:3947: $? = 0
configure:3944: gcc -c conftest.c -o conftest2.o
configure:3947: $? = 0
configure:3959: result: yes
configure:3979: checking whether make supports the include directive
configure:3994: make -f confmf.GNU && cat confinc.out
make[1]: Entering directory '/home/david/git/crfpp/CRF++-0.58'
make[1]: Leaving directory '/home/david/git/crfpp/CRF++-0.58'
this is the am__doit target
configure:3997: $? = 0
configure:4016: result: yes (GNU style)
configure:4041: checking dependency style of gcc
configure:4152: result: none
configure:4225: checking for g++
configure:4241: found /usr/bin/g++
configure:4252: result: g++
configure:4279: checking for C++ compiler version
configure:4288: g++ --version >&5
g++ (Debian 8.3.0-6) 8.3.0
Copyright (C) 2018 Free Software Foundation, Inc.
This is free software; see the source for copying conditions.  There is NO
warranty; not even for MERCHANTABILITY or FITNESS FOR A PARTICULAR PURPOSE.

configure:4299: $? = 0
configure:4288: g++ -v >&5
Using built-in specs.
COLLECT_GCC=g++
COLLECT_LTO_WRAPPER=/usr/lib/gcc/x86_64-linux-gnu/8/lto-wrapper
OFFLOAD_TARGET_NAMES=nvptx-none
OFFLOAD_TARGET_DEFAULT=1
Target: x86_64-linux-gnu
Configured with: ../src/configure -v --with-pkgversion='Debian 8.3.0-6' --with-bugurl=file:///usr/share/doc/gcc-8/README.Bugs --enable-languages=c,ada,c++,go,brig,d,fortran,objc,obj-c++ --prefix=/usr --with-gcc-major-version-only --program-suffix=-8 --program-prefix=x86_64-linux-gnu- --enable-shared --enable-linker-build-id --libexecdir=/usr/lib --without-included-gettext --enable-threads=posix --libdir=/usr/lib --enable-nls --enable-bootstrap --enable-clocale=gnu --enable-libstdcxx-debug --enable-libstdcxx-time=yes --with-default-libstdcxx-abi=new --enable-gnu-unique-object --disable-vtable-verify --enable-libmpx --enable-plugin --enable-default-pie --with-system-zlib --with-target-system-zlib --enable-objc-gc=auto --enable-multiarch --disable-werror --with-arch-32=i686 --with-abi=m64 --with-multilib-list=m32,m64,mx32 --enable-multilib --with-tune=generic --enable-offload-targets=nvptx-none --without-cuda-driver --enable-checking=release --build=x86_64-linux-gnu --host=x86_64-linux-gnu --target=x86_64-linux-gnu
Thread model: posix
gcc version 8.3.0 (Debian 8.3.0-6) 
configure:4299: $? = 0
configure:4288: g++ -V >&5
g++: error: unrecognized command line option '-V'
g++: fatal error: no input files
compilation terminated.
configure:4299: $? = 1
configure:4288: g++ -qversion >&5
g++: error: unrecognized command line option '-qversion'; did you mean '--version'?
g++: fatal error: no input files
compilation terminated.
configure:4299: $? = 1
configure:4303: checking whether we are using the GNU C++ compiler
configure:4322: g++ -c -g -O2 -fdebug-prefix-map=/home/david/git/crfpp/CRF++-0.58=. -fstack-protector-strong -Wformat -Werror=format-security -Wdate-time -D_FORTIFY_SOURCE=2 conftest.cpp >&5
configure:4322: $? = 0
configure:4331: result: yes
configure:4340: checking whether g++ accepts -g
configure:4360: g++ -c -g -Wdate-time -D_FORTIFY_SOURCE=2 conftest.cpp >&5
configure:4360: $? = 0
configure:4401: result: yes
configure:4426: checking dependency style of g++
configure:4537: result: none
configure:4558: checking how to run the C preprocessor
configure:4589: gcc -E -Wdate-time -D_FORTIFY_SOURCE=2 conftest.c
configure:4589: $? = 0
configure:4603: gcc -E -Wdate-time -D_FORTIFY_SOURCE=2 conftest.c
conftest.c:11:10: fatal error: ac_nonexistent.h: No such file or directory
 #include <ac_nonexistent.h>
          ^~~~~~~~~~~~~~~~~~
compilation terminated.
configure:4603: $? = 1
configure: failed program was:
| /* confdefs.h */
| #define PACKAGE_NAME ""
| #define PACKAGE_TARNAME ""
| #define PACKAGE_VERSION ""
| #define PACKAGE_STRING ""
| #define PACKAGE_BUGREPORT ""
| #define PACKAGE_URL ""
| #define PACKAGE "CRF++"
| #define VERSION "0.58"
| /* end confdefs.h.  */
| #include <ac_nonexistent.h>
configure:4628: result: gcc -E
configure:4648: gcc -E -Wdate-time -D_FORTIFY_SOURCE=2 conftest.c
configure:4648: $? = 0
configure:4662: gcc -E -Wdate-time -D_FORTIFY_SOURCE=2 conftest.c
conftest.c:11:10: fatal error: ac_nonexistent.h: No such file or directory
 #include <ac_nonexistent.h>
          ^~~~~~~~~~~~~~~~~~
compilation terminated.
configure:4662: $? = 1
configure: failed program was:
| /* confdefs.h */
| #define PACKAGE_NAME ""
| #define PACKAGE_TARNAME ""
| #define PACKAGE_VERSION ""
| #define PACKAGE_STRING ""
| #define PACKAGE_BUGREPORT ""
| #define PACKAGE_URL ""
| #define PACKAGE "CRF++"
| #define VERSION "0.58"
| /* end confdefs.h.  */
| #include <ac_nonexistent.h>
configure:4691: checking for grep that handles long lines and -e
configure:4749: result: /bin/grep
configure:4754: checking for egrep
configure:4816: result: /bin/grep -E
configure:4822: checking whether gcc needs -traditional
configure:4856: result: no
configure:4863: checking whether make sets $(MAKE)
configure:4885: result: yes
configure:4894: checking for library containing strerror
configure:4925: gcc -o conftest -g -O2 -fdebug-prefix-map=/home/david/git/crfpp/CRF++-0.58=. -fstack-protector-strong -Wformat -Werror=format-security -Wdate-time -D_FORTIFY_SOURCE=2 -Wl,-z,relro conftest.c  >&5
configure:4925: $? = 0
configure:4942: result: none required
configure:4954: checking build system type
configure:4968: result: x86_64-pc-linux-gnu
configure:4988: checking host system type
configure:5001: result: x86_64-pc-linux-gnu
configure:5079: checking how to print strings
configure:5106: result: printf
configure:5127: checking for a sed that does not truncate output
configure:5191: result: /bin/sed
configure:5209: checking for fgrep
configure:5271: result: /bin/grep -F
configure:5306: checking for ld used by gcc
configure:5373: result: /usr/bin/ld
configure:5380: checking if the linker (/usr/bin/ld) is GNU ld
configure:5395: result: yes
configure:5407: checking for BSD- or MS-compatible name lister (nm)
configure:5461: result: /usr/bin/nm -B
configure:5591: checking the name lister (/usr/bin/nm -B) interface
configure:5598: g++ -c -g -O2 -fdebug-prefix-map=/home/david/git/crfpp/CRF++-0.58=. -fstack-protector-strong -Wformat -Werror=format-security -Wdate-time -D_FORTIFY_SOURCE=2 conftest.cpp >&5
configure:5601: /usr/bin/nm -B "conftest.o"
configure:5604: output
0000000000000000 B some_variable
configure:5605: result: BSD nm
configure:5608: checking whether ln -s works
configure:5612: result: yes
configure:5620: checking the maximum length of command line arguments
configure:5751: result: 1572864
configure:5799: checking how to convert x86_64-pc-linux-gnu file names to x86_64-pc-linux-gnu format
configure:5839: result: func_convert_file_noop
configure:5846: checking how to convert x86_64-pc-linux-gnu file names to toolchain format
configure:5866: result: func_convert_file_noop
configure:5873: checking for /usr/bin/ld option to reload object files
configure:5880: result: -r
configure:5954: checking for objdump
configure:5970: found /usr/bin/objdump
configure:5981: result: objdump
configure:6013: checking how to recognize dependent libraries
configure:6213: result: pass_all
configure:6298: checking for dlltool
configure:6328: result: no
configure:6358: checking how to associate runtime and link libraries
configure:6385: result: printf %s\n
configure:6446: checking for ar
configure:6462: found /usr/bin/ar
configure:6473: result: ar
configure:6510: checking for archiver @FILE support
configure:6527: g++ -c -g -O2 -fdebug-prefix-map=/home/david/git/crfpp/CRF++-0.58=. -fstack-protector-strong -Wformat -Werror=format-security -Wdate-time -D_FORTIFY_SOURCE=2 conftest.cpp >&5
configure:6527: $? = 0
configure:6530: ar cru libconftest.a @conftest.lst >&5
ar: `u' modifier ignored since `D' is the default (see `U')
configure:6533: $? = 0
configure:6538: ar cru libconftest.a @conftest.lst >&5
ar: `u' modifier ignored since `D' is the default (see `U')
ar: conftest.o: No such file or directory
configure:6541: $? = 1
configure:6540: result: @
configure:6598: checking for strip
configure:6614: found /usr/bin/strip
configure:6625: result: strip
configure:6697: checking for ranlib
configure:6713: found /usr/bin/ranlib
configure:6724: result: ranlib
configure:6826: checking command to parse /usr/bin/nm -B output from gcc object
configure:6979: g++ -c -g -O2 -fdebug-prefix-map=/home/david/git/crfpp/CRF++-0.58=. -fstack-protector-strong -Wformat -Werror=format-security -Wdate-time -D_FORTIFY_SOURCE=2 conftest.cpp >&5
configure:6982: $? = 0
configure:6986: /usr/bin/nm -B conftest.o | sed -n -e 's/^.*[	 ]\([ABCDGIRSTW][ABCDGIRSTW]*\)[	 ][	 ]*\([_A-Za-z][_A-Za-z0-9]*\)$/\1 \2 \2/p' | sed '/ __gnu_lto/d' > conftest.nm
configure:7052: g++ -o conftest -g -O2 -fdebug-prefix-map=/home/david/git/crfpp/CRF++-0.58=. -fstack-protector-strong -Wformat -Werror=format-security -Wdate-time -D_FORTIFY_SOURCE=2 -Wl,-z,relro conftest.cpp conftstm.o >&5
configure:7055: $? = 0
configure:7093: result: ok
configure:7140: checking for sysroot
configure:7170: result: no
configure:7177: checking for a working dd
configure:7215: result: /bin/dd
configure:7219: checking how to truncate binary pipes
configure:7234: result: /bin/dd bs=4096 count=1
configure:7370: g++ -c -g -O2 -fdebug-prefix-map=/home/david/git/crfpp/CRF++-0.58=. -fstack-protector-strong -Wformat -Werror=format-security -Wdate-time -D_FORTIFY_SOURCE=2 conftest.cpp >&5
configure:7373: $? = 0
configure:7563: checking for mt
configure:7579: found /bin/mt
configure:7590: result: mt
configure:7613: checking if mt is a manifest tool
configure:7619: mt '-?'
configure:7627: result: no
configure:8299: checking for ANSI C header files
configure:8319: g++ -c -g -O2 -fdebug-prefix-map=/home/david/git/crfpp/CRF++-0.58=. -fstack-protector-strong -Wformat -Werror=format-security -Wdate-time -D_FORTIFY_SOURCE=2 conftest.cpp >&5
configure:8319: $? = 0
./configure: line 8333: -Wdate-time: command not found
configure:8403: result: no
configure:8416: checking for sys/types.h
configure:8416: g++ -c -g -O2 -fdebug-prefix-map=/home/david/git/crfpp/CRF++-0.58=. -fstack-protector-strong -Wformat -Werror=format-security -Wdate-time -D_FORTIFY_SOURCE=2 conftest.cpp >&5
configure:8416: $? = 0
configure:8416: result: yes
configure:8416: checking for sys/stat.h
configure:8416: g++ -c -g -O2 -fdebug-prefix-map=/home/david/git/crfpp/CRF++-0.58=. -fstack-protector-strong -Wformat -Werror=format-security -Wdate-time -D_FORTIFY_SOURCE=2 conftest.cpp >&5
configure:8416: $? = 0
configure:8416: result: yes
configure:8416: checking for stdlib.h
configure:8416: g++ -c -g -O2 -fdebug-prefix-map=/home/david/git/crfpp/CRF++-0.58=. -fstack-protector-strong -Wformat -Werror=format-security -Wdate-time -D_FORTIFY_SOURCE=2 conftest.cpp >&5
configure:8416: $? = 0
configure:8416: result: yes
configure:8416: checking for string.h
configure:8416: g++ -c -g -O2 -fdebug-prefix-map=/home/david/git/crfpp/CRF++-0.58=. -fstack-protector-strong -Wformat -Werror=format-security -Wdate-time -D_FORTIFY_SOURCE=2 conftest.cpp >&5
configure:8416: $? = 0
configure:8416: result: yes
configure:8416: checking for memory.h
configure:8416: g++ -c -g -O2 -fdebug-prefix-map=/home/david/git/crfpp/CRF++-0.58=. -fstack-protector-strong -Wformat -Werror=format-security -Wdate-time -D_FORTIFY_SOURCE=2 conftest.cpp >&5
configure:8416: $? = 0
configure:8416: result: yes
configure:8416: checking for strings.h
configure:8416: g++ -c -g -O2 -fdebug-prefix-map=/home/david/git/crfpp/CRF++-0.58=. -fstack-protector-strong -Wformat -Werror=format-security -Wdate-time -D_FORTIFY_SOURCE=2 conftest.cpp >&5
configure:8416: $? = 0
configure:8416: result: yes
configure:8416: checking for inttypes.h
configure:8416: g++ -c -g -O2 -fdebug-prefix-map=/home/david/git/crfpp/CRF++-0.58=. -fstack-protector-strong -Wformat -Werror=format-security -Wdate-time -D_FORTIFY_SOURCE=2 conftest.cpp >&5
configure:8416: $? = 0
configure:8416: result: yes
configure:8416: checking for stdint.h
configure:8416: g++ -c -g -O2 -fdebug-prefix-map=/home/david/git/crfpp/CRF++-0.58=. -fstack-protector-strong -Wformat -Werror=format-security -Wdate-time -D_FORTIFY_SOURCE=2 conftest.cpp >&5
configure:8416: $? = 0
configure:8416: result: yes
configure:8416: checking for unistd.h
configure:8416: g++ -c -g -O2 -fdebug-prefix-map=/home/david/git/crfpp/CRF++-0.58=. -fstack-protector-strong -Wformat -Werror=format-security -Wdate-time -D_FORTIFY_SOURCE=2 conftest.cpp >&5
configure:8416: $? = 0
configure:8416: result: yes
configure:8430: checking for dlfcn.h
configure:8430: g++ -c -g -O2 -fdebug-prefix-map=/home/david/git/crfpp/CRF++-0.58=. -fstack-protector-strong -Wformat -Werror=format-security -Wdate-time -D_FORTIFY_SOURCE=2 conftest.cpp >&5
configure:8430: $? = 0
configure:8430: result: yes
configure:8696: checking for objdir
configure:8711: result: .libs
configure:8975: checking if gcc supports -fno-rtti -fno-exceptions
configure:8993: gcc -c -g -O2 -fdebug-prefix-map=/home/david/git/crfpp/CRF++-0.58=. -fstack-protector-strong -Wformat -Werror=format-security -Wdate-time -D_FORTIFY_SOURCE=2 -fno-rtti -fno-exceptions conftest.c >&5
cc1: warning: command line option '-fno-rtti' is valid for C++/ObjC++ but not for C
configure:8997: $? = 0
configure:9010: result: no
configure:9368: checking for gcc option to produce PIC
configure:9375: result: -fPIC -DPIC
configure:9383: checking if gcc PIC flag -fPIC -DPIC works
configure:9401: gcc -c -g -O2 -fdebug-prefix-map=/home/david/git/crfpp/CRF++-0.58=. -fstack-protector-strong -Wformat -Werror=format-security -Wdate-time -D_FORTIFY_SOURCE=2 -fPIC -DPIC -DPIC conftest.c >&5
configure:9405: $? = 0
configure:9418: result: yes
configure:9447: checking if gcc static flag -static works
configure:9475: result: yes
configure:9490: checking if gcc supports -c -o file.o
configure:9511: gcc -c -g -O2 -fdebug-prefix-map=/home/david/git/crfpp/CRF++-0.58=. -fstack-protector-strong -Wformat -Werror=format-security -Wdate-time -D_FORTIFY_SOURCE=2 -o out/conftest2.o conftest.c >&5
configure:9515: $? = 0
configure:9537: result: yes
configure:9545: checking if gcc supports -c -o file.o
configure:9592: result: yes
configure:9625: checking whether the gcc linker (/usr/bin/ld -m elf_x86_64) supports shared libraries
configure:10888: result: yes
configure:10925: checking whether -lc should be explicitly linked in
configure:10933: gcc -c -g -O2 -fdebug-prefix-map=/home/david/git/crfpp/CRF++-0.58=. -fstack-protector-strong -Wformat -Werror=format-security -Wdate-time -D_FORTIFY_SOURCE=2 conftest.c >&5
configure:10936: $? = 0
configure:10951: gcc -shared  -fPIC -DPIC conftest.o  -v -Wl,-soname -Wl,conftest -o conftest 2\>\&1 \| /bin/grep  -lc  \>/dev/null 2\>\&1
configure:10954: $? = 0
configure:10968: result: no
configure:11128: checking dynamic linker characteristics
configure:11709: gcc -o conftest -g -O2 -fdebug-prefix-map=/home/david/git/crfpp/CRF++-0.58=. -fstack-protector-strong -Wformat -Werror=format-security -Wdate-time -D_FORTIFY_SOURCE=2 -Wl,-z,relro -Wl,-rpath -Wl,/foo conftest.c  >&5
configure:11709: $? = 0
configure:11958: result: GNU/Linux ld.so
configure:12080: checking how to hardcode library paths into programs
configure:12105: result: immediate
configure:12653: checking whether stripping libraries is possible
configure:12658: result: yes
configure:12693: checking if libtool supports shared libraries
configure:12695: result: yes
configure:12698: checking whether to build shared libraries
configure:12723: result: yes
configure:12726: checking whether to build static libraries
configure:12730: result: yes
configure:9529: checking how to run the C++ preprocessor
configure:9556: g++ -E -Wdate-time -D_FORTIFY_SOURCE=2 conftest.cpp
configure:9556: $? = 0
configure:9570: g++ -E -Wdate-time -D_FORTIFY_SOURCE=2 conftest.cpp
conftest.cpp:22:10: fatal error: ac_nonexistent.h: No such file or directory
 #include <ac_nonexistent.h>
          ^~~~~~~~~~~~~~~~~~
compilation terminated.
configure:9570: $? = 1
configure: failed program was:
| /* confdefs.h */
| #define PACKAGE_NAME ""
| #define PACKAGE_TARNAME ""
| #define PACKAGE_VERSION ""
| #define PACKAGE_STRING ""
| #define PACKAGE_BUGREPORT ""
| #define PACKAGE_URL ""
| #define PACKAGE "CRF++"
| #define VERSION "0.58"
| #define HAVE_SYS_TYPES_H 1
| #define HAVE_SYS_STAT_H 1
| #define HAVE_STDLIB_H 1
| #define HAVE_STRING_H 1
| #define HAVE_MEMORY_H 1
| #define HAVE_STRINGS_H 1
| #define HAVE_INTTYPES_H 1
| #define HAVE_STDINT_H 1
| #define HAVE_UNISTD_H 1
| #define HAVE_DLFCN_H 1
| #define LT_OBJDIR ".libs/"
| /* end confdefs.h.  */
| #include <ac_nonexistent.h>
configure:9595: result: g++ -E
configure:9615: g++ -E -Wdate-time -D_FORTIFY_SOURCE=2 conftest.cpp
configure:9615: $? = 0
configure:9629: g++ -E -Wdate-time -D_FORTIFY_SOURCE=2 conftest.cpp
conftest.cpp:22:10: fatal error: ac_nonexistent.h: No such file or directory
 #include <ac_nonexistent.h>
          ^~~~~~~~~~~~~~~~~~
compilation terminated.
configure:9629: $? = 1
configure: failed program was:
| /* confdefs.h */
| #define PACKAGE_NAME ""
| #define PACKAGE_TARNAME ""
| #define PACKAGE_VERSION ""
| #define PACKAGE_STRING ""
| #define PACKAGE_BUGREPORT ""
| #define PACKAGE_URL ""
| #define PACKAGE "CRF++"
| #define VERSION "0.58"
| #define HAVE_SYS_TYPES_H 1
| #define HAVE_SYS_STAT_H 1
| #define HAVE_STDLIB_H 1
| #define HAVE_STRING_H 1
| #define HAVE_MEMORY_H 1
| #define HAVE_STRINGS_H 1
| #define HAVE_INTTYPES_H 1
| #define HAVE_STDINT_H 1
| #define HAVE_UNISTD_H 1
| #define HAVE_DLFCN_H 1
| #define LT_OBJDIR ".libs/"
| /* end confdefs.h.  */
| #include <ac_nonexistent.h>
configure:9791: checking for ld used by g++
configure:9858: result: /usr/bin/ld -m elf_x86_64
configure:9865: checking if the linker (/usr/bin/ld -m elf_x86_64) is GNU ld
configure:9880: result: yes
configure:9935: checking whether the g++ linker (/usr/bin/ld -m elf_x86_64) supports shared libraries
configure:11008: result: yes
configure:11044: g++ -c -g -O2 -fdebug-prefix-map=/home/david/git/crfpp/CRF++-0.58=. -fstack-protector-strong -Wformat -Werror=format-security -Wdate-time -D_FORTIFY_SOURCE=2 conftest.cpp >&5
configure:11047: $? = 0
configure:11528: checking for g++ option to produce PIC
configure:11535: result: -fPIC -DPIC
configure:11543: checking if g++ PIC flag -fPIC -DPIC works
configure:11561: g++ -c -g -O2 -fdebug-prefix-map=/home/david/git/crfpp/CRF++-0.58=. -fstack-protector-strong -Wformat -Werror=format-security -Wdate-time -D_FORTIFY_SOURCE=2 -fPIC -DPIC -DPIC conftest.cpp >&5
configure:11565: $? = 0
configure:11578: result: yes
configure:11601: checking if g++ static flag -static works
configure:11629: result: yes
configure:11641: checking if g++ supports -c -o file.o
configure:11662: g++ -c -g -O2 -fdebug-prefix-map=/home/david/git/crfpp/CRF++-0.58=. -fstack-protector-strong -Wformat -Werror=format-security -Wdate-time -D_FORTIFY_SOURCE=2 -o out/conftest2.o conftest.cpp >&5
configure:11666: $? = 0
configure:11688: result: yes
configure:11693: checking if g++ supports -c -o file.o
configure:11740: result: yes
configure:11770: checking whether the g++ linker (/usr/bin/ld -m elf_x86_64) supports shared libraries
configure:11813: result: yes
configure:11954: checking dynamic linker characteristics
configure:12711: result: GNU/Linux ld.so
configure:12776: checking how to hardcode library paths into programs
configure:12801: result: immediate
configure:11697: checking for ANSI C header files
configure:11801: result: no
configure:11814: checking for string.h
configure:11814: result: yes
configure:11814: checking for stdlib.h
configure:11814: result: yes
configure:11814: checking for unistd.h
configure:11814: result: yes
configure:11814: checking fcntl.h usability
configure:11814: g++ -c -g -O2 -fdebug-prefix-map=/home/david/git/crfpp/CRF++-0.58=. -fstack-protector-strong -Wformat -Werror=format-security -Wdate-time -D_FORTIFY_SOURCE=2 conftest.cpp >&5
configure:11814: $? = 0
configure:11814: result: yes
configure:11814: checking fcntl.h presence
configure:11814: g++ -E -Wdate-time -D_FORTIFY_SOURCE=2 conftest.cpp
configure:11814: $? = 0
configure:11814: result: yes
configure:11814: checking for fcntl.h
configure:11814: result: yes
configure:11814: checking for sys/stat.h
configure:11814: result: yes
configure:11814: checking sys/mman.h usability
configure:11814: g++ -c -g -O2 -fdebug-prefix-map=/home/david/git/crfpp/CRF++-0.58=. -fstack-protector-strong -Wformat -Werror=format-security -Wdate-time -D_FORTIFY_SOURCE=2 conftest.cpp >&5
configure:11814: $? = 0
configure:11814: result: yes
configure:11814: checking sys/mman.h presence
configure:11814: g++ -E -Wdate-time -D_FORTIFY_SOURCE=2 conftest.cpp
configure:11814: $? = 0
configure:11814: result: yes
configure:11814: checking for sys/mman.h
configure:11814: result: yes
configure:11814: checking sys/times.h usability
configure:11814: g++ -c -g -O2 -fdebug-prefix-map=/home/david/git/crfpp/CRF++-0.58=. -fstack-protector-strong -Wformat -Werror=format-security -Wdate-time -D_FORTIFY_SOURCE=2 conftest.cpp >&5
configure:11814: $? = 0
configure:11814: result: yes
configure:11814: checking sys/times.h presence
configure:11814: g++ -E -Wdate-time -D_FORTIFY_SOURCE=2 conftest.cpp
configure:11814: $? = 0
configure:11814: result: yes
configure:11814: checking for sys/times.h
configure:11814: result: yes
configure:11814: checking ctype.h usability
configure:11814: g++ -c -g -O2 -fdebug-prefix-map=/home/david/git/crfpp/CRF++-0.58=. -fstack-protector-strong -Wformat -Werror=format-security -Wdate-time -D_FORTIFY_SOURCE=2 conftest.cpp >&5
configure:11814: $? = 0
configure:11814: result: yes
configure:11814: checking ctype.h presence
configure:11814: g++ -E -Wdate-time -D_FORTIFY_SOURCE=2 conftest.cpp
configure:11814: $? = 0
configure:11814: result: yes
configure:11814: checking for ctype.h
configure:11814: result: yes
configure:11814: checking for sys/types.h
configure:11814: result: yes
configure:11814: checking math.h usability
configure:11814: g++ -c -g -O2 -fdebug-prefix-map=/home/david/git/crfpp/CRF++-0.58=. -fstack-protector-strong -Wformat -Werror=format-security -Wdate-time -D_FORTIFY_SOURCE=2 conftest.cpp >&5
configure:11814: $? = 0
configure:11814: result: yes
configure:11814: checking math.h presence
configure:11814: g++ -E -Wdate-time -D_FORTIFY_SOURCE=2 conftest.cpp
configure:11814: $? = 0
configure:11814: result: yes
configure:11814: checking for math.h
configure:11814: result: yes
configure:11814: checking pthread.h usability
configure:11814: g++ -c -g -O2 -fdebug-prefix-map=/home/david/git/crfpp/CRF++-0.58=. -fstack-protector-strong -Wformat -Werror=format-security -Wdate-time -D_FORTIFY_SOURCE=2 conftest.cpp >&5
configure:11814: $? = 0
configure:11814: result: yes
configure:11814: checking pthread.h presence
configure:11814: g++ -E -Wdate-time -D_FORTIFY_SOURCE=2 conftest.cpp
configure:11814: $? = 0
configure:11814: result: yes
configure:11814: checking for pthread.h
configure:11814: result: yes
configure:11825: checking for size_t
configure:11825: g++ -c -g -O2 -fdebug-prefix-map=/home/david/git/crfpp/CRF++-0.58=. -fstack-protector-strong -Wformat -Werror=format-security -Wdate-time -D_FORTIFY_SOURCE=2 conftest.cpp >&5
configure:11825: $? = 0
configure:11825: g++ -c -g -O2 -fdebug-prefix-map=/home/david/git/crfpp/CRF++-0.58=. -fstack-protector-strong -Wformat -Werror=format-security -Wdate-time -D_FORTIFY_SOURCE=2 conftest.cpp >&5
conftest.cpp: In function 'int main()':
conftest.cpp:69:20: error: expected primary-expression before ')' token
 if (sizeof ((size_t)))
                    ^
configure:11825: $? = 1
configure: failed program was:
| /* confdefs.h */
| #define PACKAGE_NAME ""
| #define PACKAGE_TARNAME ""
| #define PACKAGE_VERSION ""
| #define PACKAGE_STRING ""
| #define PACKAGE_BUGREPORT ""
| #define PACKAGE_URL ""
| #define PACKAGE "CRF++"
| #define VERSION "0.58"
| #define HAVE_SYS_TYPES_H 1
| #define HAVE_SYS_STAT_H 1
| #define HAVE_STDLIB_H 1
| #define HAVE_STRING_H 1
| #define HAVE_MEMORY_H 1
| #define HAVE_STRINGS_H 1
| #define HAVE_INTTYPES_H 1
| #define HAVE_STDINT_H 1
| #define HAVE_UNISTD_H 1
| #define HAVE_DLFCN_H 1
| #define LT_OBJDIR ".libs/"
| #define HAVE_STRING_H 1
| #define HAVE_STDLIB_H 1
| #define HAVE_UNISTD_H 1
| #define HAVE_FCNTL_H 1
| #define HAVE_SYS_STAT_H 1
| #define HAVE_SYS_MMAN_H 1
| #define HAVE_SYS_TIMES_H 1
| #define HAVE_CTYPE_H 1
| #define HAVE_SYS_TYPES_H 1
| #define HAVE_MATH_H 1
| #define HAVE_PTHREAD_H 1
| /* end confdefs.h.  */
| #include <stdio.h>
| #ifdef HAVE_SYS_TYPES_H
| # include <sys/types.h>
| #endif
| #ifdef HAVE_SYS_STAT_H
| # include <sys/stat.h>
| #endif
| #ifdef STDC_HEADERS
| # include <stdlib.h>
| # include <stddef.h>
| #else
| # ifdef HAVE_STDLIB_H
| #  include <stdlib.h>
| # endif
| #endif
| #ifdef HAVE_STRING_H
| # if !defined STDC_HEADERS && defined HAVE_MEMORY_H
| #  include <memory.h>
| # endif
| # include <string.h>
| #endif
| #ifdef HAVE_STRINGS_H
| # include <strings.h>
| #endif
| #ifdef HAVE_INTTYPES_H
| # include <inttypes.h>
| #endif
| #ifdef HAVE_STDINT_H
| # include <stdint.h>
| #endif
| #ifdef HAVE_UNISTD_H
| # include <unistd.h>
| #endif
| int
| main ()
| {
| if (sizeof ((size_t)))
| 	    return 0;
|   ;
|   return 0;
| }
configure:11825: result: yes
configure:11837: checking for pow in -lm
configure:11862: g++ -o conftest -g -O2 -fdebug-prefix-map=/home/david/git/crfpp/CRF++-0.58=. -fstack-protector-strong -Wformat -Werror=format-security -Wdate-time -D_FORTIFY_SOURCE=2 -Wl,-z,relro conftest.cpp -lm   >&5
conftest.cpp:40:6: warning: declaration of 'char pow()' conflicts with built-in declaration 'double pow(double, double)' [-Wbuiltin-declaration-mismatch]
 char pow ();
      ^~~
configure:11862: $? = 0
configure:11871: result: yes
configure:11882: checking for exp in -lm
configure:11907: g++ -o conftest -g -O2 -fdebug-prefix-map=/home/david/git/crfpp/CRF++-0.58=. -fstack-protector-strong -Wformat -Werror=format-security -Wdate-time -D_FORTIFY_SOURCE=2 -Wl,-z,relro conftest.cpp -lm  -lm  >&5
conftest.cpp:41:6: warning: declaration of 'char exp()' conflicts with built-in declaration 'double exp(double)' [-Wbuiltin-declaration-mismatch]
 char exp ();
      ^~~
configure:11907: $? = 0
configure:11916: result: yes
configure:11927: checking for log in -lm
configure:11952: g++ -o conftest -g -O2 -fdebug-prefix-map=/home/david/git/crfpp/CRF++-0.58=. -fstack-protector-strong -Wformat -Werror=format-security -Wdate-time -D_FORTIFY_SOURCE=2 -Wl,-z,relro conftest.cpp -lm  -lm -lm  >&5
conftest.cpp:42:6: warning: declaration of 'char log()' conflicts with built-in declaration 'double log(double)' [-Wbuiltin-declaration-mismatch]
 char log ();
      ^~~
configure:11952: $? = 0
configure:11961: result: yes
configure:11972: checking for pthread_create in -lpthread
configure:11997: g++ -o conftest -g -O2 -fdebug-prefix-map=/home/david/git/crfpp/CRF++-0.58=. -fstack-protector-strong -Wformat -Werror=format-security -Wdate-time -D_FORTIFY_SOURCE=2 -Wl,-z,relro conftest.cpp -lpthread  -lm -lm -lm  >&5
configure:11997: $? = 0
configure:12006: result: yes
configure:12017: checking for pthread_join in -lpthread
configure:12042: g++ -o conftest -g -O2 -fdebug-prefix-map=/home/david/git/crfpp/CRF++-0.58=. -fstack-protector-strong -Wformat -Werror=format-security -Wdate-time -D_FORTIFY_SOURCE=2 -Wl,-z,relro conftest.cpp -lpthread  -lpthread -lm -lm -lm  >&5
configure:12042: $? = 0
configure:12051: result: yes
configure:12068: checking for stdlib.h
configure:12068: result: yes
configure:12068: checking for unistd.h
configure:12068: result: yes
configure:12068: checking for sys/param.h
configure:12068: g++ -c -g -O2 -fdebug-prefix-map=/home/david/git/crfpp/CRF++-0.58=. -fstack-protector-strong -Wformat -Werror=format-security -Wdate-time -D_FORTIFY_SOURCE=2 conftest.cpp >&5
configure:12068: $? = 0
configure:12068: result: yes
configure:12088: checking for getpagesize
configure:12088: g++ -o conftest -g -O2 -fdebug-prefix-map=/home/david/git/crfpp/CRF++-0.58=. -fstack-protector-strong -Wformat -Werror=format-security -Wdate-time -D_FORTIFY_SOURCE=2 -Wl,-z,relro conftest.cpp -lpthread -lpthread -lm -lm -lm  >&5
configure:12088: $? = 0
configure:12088: result: yes
configure:12097: checking for working mmap
configure:12246: g++ -o conftest -g -O2 -fdebug-prefix-map=/home/david/git/crfpp/CRF++-0.58=. -fstack-protector-strong -Wformat -Werror=format-security -Wdate-time -D_FORTIFY_SOURCE=2 -Wl,-z,relro conftest.cpp -lpthread -lpthread -lm -lm -lm  >&5
configure:12246: $? = 0
configure:12246: ./conftest
configure:12246: $? = 0
configure:12256: result: yes
configure:12266: checking whether make is GNU Make
configure:12269: result: yes
configure:12535: checking if g++ supports stl <string> (required)
configure:12552: g++ -c -O3 -Wall -Wdate-time -D_FORTIFY_SOURCE=2 conftest.cpp >&5
configure:12552: $? = 0
configure:12564: result: yes
configure:12568: checking if g++ supports stl <vector> (required)
configure:12585: g++ -c -O3 -Wall -Wdate-time -D_FORTIFY_SOURCE=2 conftest.cpp >&5
configure:12585: $? = 0
configure:12597: result: yes
configure:12601: checking if g++ supports stl <map> (required)
configure:12618: g++ -c -O3 -Wall -Wdate-time -D_FORTIFY_SOURCE=2 conftest.cpp >&5
configure:12618: $? = 0
configure:12630: result: yes
configure:12634: checking if g++ supports stl <set> (required)
configure:12651: g++ -c -O3 -Wall -Wdate-time -D_FORTIFY_SOURCE=2 conftest.cpp >&5
configure:12651: $? = 0
configure:12663: result: yes
configure:12667: checking if g++ supports stl <iostream> (required)
configure:12684: g++ -c -O3 -Wall -Wdate-time -D_FORTIFY_SOURCE=2 conftest.cpp >&5
configure:12684: $? = 0
configure:12696: result: yes
configure:12700: checking if g++ supports stl <fstream> (required)
configure:12717: g++ -c -O3 -Wall -Wdate-time -D_FORTIFY_SOURCE=2 conftest.cpp >&5
configure:12717: $? = 0
configure:12729: result: yes
configure:12733: checking if g++ supports stl <sstream> (required)
configure:12750: g++ -c -O3 -Wall -Wdate-time -D_FORTIFY_SOURCE=2 conftest.cpp >&5
configure:12750: $? = 0
configure:12762: result: yes
configure:12766: checking if g++ supports stl <stdexcept> (required)
configure:12783: g++ -c -O3 -Wall -Wdate-time -D_FORTIFY_SOURCE=2 conftest.cpp >&5
configure:12783: $? = 0
configure:12795: result: yes
configure:12800: checking if g++ supports template <class T> (required)
configure:12819: g++ -c -O3 -Wall -Wdate-time -D_FORTIFY_SOURCE=2 conftest.cpp >&5
configure:12819: $? = 0
configure:12831: result: yes
configure:12835: checking if g++ supports const_cast<> (required)
configure:12853: g++ -c -O3 -Wall -Wdate-time -D_FORTIFY_SOURCE=2 conftest.cpp >&5
conftest.cpp: In function 'int main()':
conftest.cpp:51:9: warning: unused variable 'c1' [-Wunused-variable]
    foo *c1=const_cast<foo*>(c);
         ^~
configure:12853: $? = 0
configure:12865: result: yes
configure:12869: checking if g++ supports static_cast<> (required)
configure:12887: g++ -c -O3 -Wall -Wdate-time -D_FORTIFY_SOURCE=2 conftest.cpp >&5
conftest.cpp: In function 'int main()':
conftest.cpp:51:10: warning: unused variable 'c1' [-Wunused-variable]
    void *c1 = static_cast<void *>(c);
          ^~
configure:12887: $? = 0
configure:12899: result: yes
configure:12903: checking if g++ supports dynamic_cast<> (required)
configure:12922: g++ -c -O3 -Wall -Wdate-time -D_FORTIFY_SOURCE=2 conftest.cpp >&5
conftest.cpp: In function 'int main()':
conftest.cpp:52:9: warning: unused variable 'c1' [-Wunused-variable]
    foo *c1 = dynamic_cast<foo *>(c);
         ^~
configure:12922: $? = 0
configure:12934: result: yes
configure:12938: checking if g++ supports exception handler (required)
configure:12961: g++ -c -O3 -Wall -Wdate-time -D_FORTIFY_SOURCE=2 conftest.cpp >&5
conftest.cpp: In function 'int main()':
conftest.cpp:51:11: warning: unused variable 'i' [-Wunused-variable]
       int i = 0;
           ^
configure:12961: $? = 0
configure:12973: result: yes
configure:12977: checking if g++ supports namespaces (required) 
configure:12995: g++ -c -O3 -Wall -Wdate-time -D_FORTIFY_SOURCE=2 conftest.cpp >&5
conftest.cpp: In function 'int main()':
conftest.cpp:51:3: warning: unused variable 'a' [-Wunused-variable]
 A a;
   ^
configure:12995: $? = 0
configure:13006: result: yes
configure:13010: checking if g++ supports __thread (optional)
configure:13027: g++ -c -O3 -Wall -Wdate-time -D_FORTIFY_SOURCE=2 conftest.cpp >&5
configure:13027: $? = 0
configure:13037: result: yes
configure:13050: checking if g++ supports _SC_NPROCESSORS_CONF (optional)
configure:13068: g++ -c -O3 -Wall -Wdate-time -D_FORTIFY_SOURCE=2 conftest.cpp >&5
configure:13068: $? = 0
configure:13078: result: yes
configure:13089: checking if g++ environment provides all required features
configure:13097: result: yes
configure:13205: checking that generated files are newer than configure
configure:13211: result: done
configure:13238: creating ./config.status

## ---------------------- ##
## Running config.status. ##
## ---------------------- ##

This file was extended by config.status, which was
generated by GNU Autoconf 2.69.  Invocation command line was

  CONFIG_FILES    = 
  CONFIG_HEADERS  = 
  CONFIG_LINKS    = 
  CONFIG_COMMANDS = 
  $ ./config.status 

on david-p51

config.status:1167: creating Makefile
config.status:1167: creating Makefile.msvc
config.status:1167: creating swig/version.h
config.status:1167: creating config.h
config.status:1396: executing depfiles commands
config.status:1396: executing libtool commands
configure:15644: WARNING: unrecognized options: --disable-maintainer-mode

## ---------------- ##
## Cache variables. ##
## ---------------- ##

ac_cv_build=x86_64-pc-linux-gnu
ac_cv_c_compiler_gnu=yes
ac_cv_cxx_compiler_gnu=yes
ac_cv_env_CCC_set=
ac_cv_env_CCC_value=
ac_cv_env_CC_set=
ac_cv_env_CC_value=
ac_cv_env_CFLAGS_set=set
ac_cv_env_CFLAGS_value='-g -O2 -fdebug-prefix-map=/home/david/git/crfpp/CRF++-0.58=. -fstack-protector-strong -Wformat -Werror=format-security'
ac_cv_env_CPPFLAGS_set=set
ac_cv_env_CPPFLAGS_value='-Wdate-time -D_FORTIFY_SOURCE=2'
ac_cv_env_CPP_set=
ac_cv_env_CPP_value=
ac_cv_env_CXXCPP_set=
ac_cv_env_CXXCPP_value=
ac_cv_env_CXXFLAGS_set=set
ac_cv_env_CXXFLAGS_value='-g -O2 -fdebug-prefix-map=/home/david/git/crfpp/CRF++-0.58=. -fstack-protector-strong -Wformat -Werror=format-security'
ac_cv_env_CXX_set=
ac_cv_env_CXX_value=
ac_cv_env_LDFLAGS_set=set
ac_cv_env_LDFLAGS_value=-Wl,-z,relro
ac_cv_env_LIBS_set=
ac_cv_env_LIBS_value=
ac_cv_env_LT_SYS_LIBRARY_PATH_set=
ac_cv_env_LT_SYS_LIBRARY_PATH_value=
ac_cv_env_build_alias_set=set
ac_cv_env_build_alias_value=x86_64-linux-gnu
ac_cv_env_host_alias_set=
ac_cv_env_host_alias_value=
ac_cv_env_target_alias_set=
ac_cv_env_target_alias_value=
ac_cv_func_getpagesize=yes
ac_cv_func_mmap_fixed_mapped=yes
ac_cv_header_ctype_h=yes
ac_cv_header_dlfcn_h=yes
ac_cv_header_fcntl_h=yes
ac_cv_header_inttypes_h=yes
ac_cv_header_math_h=yes
ac_cv_header_memory_h=yes
ac_cv_header_pthread_h=yes
ac_cv_header_stdc=no
ac_cv_header_stdint_h=yes
ac_cv_header_stdlib_h=yes
ac_cv_header_string_h=yes
ac_cv_header_strings_h=yes
ac_cv_header_sys_mman_h=yes
ac_cv_header_sys_param_h=yes
ac_cv_header_sys_stat_h=yes
ac_cv_header_sys_times_h=yes
ac_cv_header_sys_types_h=yes
ac_cv_header_unistd_h=yes
ac_cv_host=x86_64-pc-linux-gnu
ac_cv_lib_m_exp=yes
ac_cv_lib_m_log=yes
ac_cv_lib_m_pow=yes
ac_cv_lib_pthread_pthread_create=yes
ac_cv_lib_pthread_pthread_join=yes
ac_cv_objext=o
ac_cv_path_EGREP='/bin/grep -E'
ac_cv_path_FGREP='/bin/grep -F'
ac_cv_path_GREP=/bin/grep
ac_cv_path_SED=/bin/sed
ac_cv_path_install='/usr/bin/install -c'
ac_cv_path_lt_DD=/bin/dd
ac_cv_path_mkdir=/bin/mkdir
ac_cv_prog_AWK=gawk
ac_cv_prog_CPP='gcc -E'
ac_cv_prog_CXXCPP='g++ -E'
ac_cv_prog_ac_ct_AR=ar
ac_cv_prog_ac_ct_CC=gcc
ac_cv_prog_ac_ct_CXX=g++
ac_cv_prog_ac_ct_MANIFEST_TOOL=mt
ac_cv_prog_ac_ct_OBJDUMP=objdump
ac_cv_prog_ac_ct_RANLIB=ranlib
ac_cv_prog_ac_ct_STRIP=strip
ac_cv_prog_cc_c89=
ac_cv_prog_cc_g=yes
ac_cv_prog_cxx_g=yes
ac_cv_prog_gcc_traditional=no
ac_cv_prog_make_make_set=yes
ac_cv_search_strerror='none required'
ac_cv_type_size_t=yes
am_cv_CC_dependencies_compiler_type=none
am_cv_CXX_dependencies_compiler_type=none
am_cv_make_support_nested_variables=yes
am_cv_prog_cc_c_o=yes
lt_cv_ar_at_file=@
lt_cv_archive_cmds_need_lc=no
lt_cv_deplibs_check_method=pass_all
lt_cv_file_magic_cmd='$MAGIC_CMD'
lt_cv_file_magic_test_file=
lt_cv_ld_reload_flag=-r
lt_cv_nm_interface='BSD nm'
lt_cv_objdir=.libs
lt_cv_path_LD=/usr/bin/ld
lt_cv_path_LDCXX='/usr/bin/ld -m elf_x86_64'
lt_cv_path_NM='/usr/bin/nm -B'
lt_cv_path_mainfest_tool=no
lt_cv_prog_compiler_c_o=yes
lt_cv_prog_compiler_c_o_CXX=yes
lt_cv_prog_compiler_pic='-fPIC -DPIC'
lt_cv_prog_compiler_pic_CXX='-fPIC -DPIC'
lt_cv_prog_compiler_pic_works=yes
lt_cv_prog_compiler_pic_works_CXX=yes
lt_cv_prog_compiler_rtti_exceptions=no
lt_cv_prog_compiler_static_works=yes
lt_cv_prog_compiler_static_works_CXX=yes
lt_cv_prog_gnu_ld=yes
lt_cv_prog_gnu_ldcxx=yes
lt_cv_sharedlib_from_linklib_cmd='printf %s\n'
lt_cv_shlibpath_overrides_runpath=yes
lt_cv_sys_global_symbol_pipe='sed -n -e '\''s/^.*[	 ]\([ABCDGIRSTW][ABCDGIRSTW]*\)[	 ][	 ]*\([_A-Za-z][_A-Za-z0-9]*\)$/\1 \2 \2/p'\'' | sed '\''/ __gnu_lto/d'\'''
lt_cv_sys_global_symbol_to_c_name_address='sed -n -e '\''s/^: \(.*\) .*$/  {"\1", (void *) 0},/p'\'' -e '\''s/^[ABCDGIRSTW][ABCDGIRSTW]* .* \(.*\)$/  {"\1", (void *) \&\1},/p'\'''
lt_cv_sys_global_symbol_to_c_name_address_lib_prefix='sed -n -e '\''s/^: \(.*\) .*$/  {"\1", (void *) 0},/p'\'' -e '\''s/^[ABCDGIRSTW][ABCDGIRSTW]* .* \(lib.*\)$/  {"\1", (void *) \&\1},/p'\'' -e '\''s/^[ABCDGIRSTW][ABCDGIRSTW]* .* \(.*\)$/  {"lib\1", (void *) \&\1},/p'\'''
lt_cv_sys_global_symbol_to_cdecl='sed -n -e '\''s/^T .* \(.*\)$/extern int \1();/p'\'' -e '\''s/^[ABCDGIRSTW][ABCDGIRSTW]* .* \(.*\)$/extern char \1;/p'\'''
lt_cv_sys_global_symbol_to_import=
lt_cv_sys_max_cmd_len=1572864
lt_cv_to_host_file_cmd=func_convert_file_noop
lt_cv_to_tool_file_cmd=func_convert_file_noop
lt_cv_truncate_bin='/bin/dd bs=4096 count=1'

## ----------------- ##
## Output variables. ##
## ----------------- ##

ACLOCAL='${SHELL} /home/david/git/crfpp/CRF++-0.58/missing aclocal-1.16'
AMDEPBACKSLASH=''
AMDEP_FALSE=''
AMDEP_TRUE='#'
AMTAR='$${TAR-tar}'
AM_BACKSLASH='\'
AM_DEFAULT_V='$(AM_DEFAULT_VERBOSITY)'
AM_DEFAULT_VERBOSITY='1'
AM_V='$(V)'
AR='ar'
AUTOCONF='${SHELL} /home/david/git/crfpp/CRF++-0.58/missing autoconf'
AUTOHEADER='${SHELL} /home/david/git/crfpp/CRF++-0.58/missing autoheader'
AUTOMAKE='${SHELL} /home/david/git/crfpp/CRF++-0.58/missing automake-1.16'
AWK='gawk'
CC='gcc'
CCDEPMODE='depmode=none'
CFLAGS='-O3 -Wall'
CPP='gcc -E'
CPPFLAGS='-Wdate-time -D_FORTIFY_SOURCE=2'
CXX='g++'
CXXCPP='g++ -E'
CXXDEPMODE='depmode=none'
CXXFLAGS='-O3 -Wall'
CYGPATH_W='echo'
DEFS='-DHAVE_CONFIG_H'
DEPDIR='.deps'
DLLTOOL='false'
DSYMUTIL=''
DUMPBIN=''
ECHO_C=''
ECHO_N='-n'
ECHO_T=''
EGREP='/bin/grep -E'
EXEEXT=''
FGREP='/bin/grep -F'
GREP='/bin/grep'
INSTALL_DATA='${INSTALL} -m 644'
INSTALL_PROGRAM='${INSTALL}'
INSTALL_SCRIPT='${INSTALL}'
INSTALL_STRIP_PROGRAM='$(install_sh) -c -s'
LD='/usr/bin/ld -m elf_x86_64'
LDFLAGS='-Wl,-z,relro'
LIBOBJS=''
LIBS='-lpthread -lpthread -lm -lm -lm '
LIBTOOL='$(SHELL) $(top_builddir)/libtool'
LIPO=''
LN_S='ln -s'
LTLIBOBJS=''
LT_SYS_LIBRARY_PATH=''
MAKEINFO='${SHELL} /home/david/git/crfpp/CRF++-0.58/missing makeinfo'
MANIFEST_TOOL=':'
MKDIR_P='/bin/mkdir -p'
NM='/usr/bin/nm -B'
NMEDIT=''
OBJDUMP='objdump'
OBJEXT='o'
OTOOL64=''
OTOOL=''
PACKAGE='CRF++'
PACKAGE_BUGREPORT=''
PACKAGE_NAME=''
PACKAGE_STRING=''
PACKAGE_TARNAME=''
PACKAGE_URL=''
PACKAGE_VERSION=''
PATH_SEPARATOR=':'
RANLIB='ranlib'
SED='/bin/sed'
SET_MAKE=''
SHELL='/bin/bash'
STRIP='strip'
VERSION='0.58'
ac_ct_AR='ar'
ac_ct_CC='gcc'
ac_ct_CXX='g++'
ac_ct_DUMPBIN=''
am__EXEEXT_FALSE=''
am__EXEEXT_TRUE='#'
am__fastdepCC_FALSE=''
am__fastdepCC_TRUE='#'
am__fastdepCXX_FALSE=''
am__fastdepCXX_TRUE='#'
am__include='include'
am__isrc=''
am__leading_dot='.'
am__nodep=''
am__quote=''
am__tar='$${TAR-tar} chof - "$$tardir"'
am__untar='$${TAR-tar} xf -'
bindir='${exec_prefix}/bin'
build='x86_64-pc-linux-gnu'
build_alias='x86_64-linux-gnu'
build_cpu='x86_64'
build_os='linux-gnu'
build_vendor='pc'
datadir='${datarootdir}'
datarootdir='${prefix}/share'
docdir='${datarootdir}/doc/${PACKAGE}'
dvidir='${docdir}'
exec_prefix='${prefix}'
host='x86_64-pc-linux-gnu'
host_alias=''
host_cpu='x86_64'
host_os='linux-gnu'
host_vendor='pc'
htmldir='${docdir}'
includedir='${prefix}/include'
infodir='${prefix}/share/info'
install_sh='${SHELL} /home/david/git/crfpp/CRF++-0.58/install-sh'
libdir='${prefix}/lib/x86_64-linux-gnu'
libexecdir='${prefix}/lib/x86_64-linux-gnu'
localedir='${datarootdir}/locale'
localstatedir='/var'
mandir='${prefix}/share/man'
mkdir_p='$(MKDIR_P)'
oldincludedir='/usr/include'
pdfdir='${docdir}'
prefix='/usr'
program_transform_name='s,x,x,'
psdir='${docdir}'
runstatedir='${localstatedir}/run'
sbindir='${exec_prefix}/sbin'
sharedstatedir='${prefix}/com'
sysconfdir='/etc'
target_alias=''

## ----------- ##
## confdefs.h. ##
## ----------- ##

/* confdefs.h */
#define PACKAGE_NAME ""
#define PACKAGE_TARNAME ""
#define PACKAGE_VERSION ""
#define PACKAGE_STRING ""
#define PACKAGE_BUGREPORT ""
#define PACKAGE_URL ""
#define PACKAGE "CRF++"
#define VERSION "0.58"
#define HAVE_SYS_TYPES_H 1
#define HAVE_SYS_STAT_H 1
#define HAVE_STDLIB_H 1
#define HAVE_STRING_H 1
#define HAVE_MEMORY_H 1
#define HAVE_STRINGS_H 1
#define HAVE_INTTYPES_H 1
#define HAVE_STDINT_H 1
#define HAVE_UNISTD_H 1
#define HAVE_DLFCN_H 1
#define LT_OBJDIR ".libs/"
#define HAVE_STRING_H 1
#define HAVE_STDLIB_H 1
#define HAVE_UNISTD_H 1
#define HAVE_FCNTL_H 1
#define HAVE_SYS_STAT_H 1
#define HAVE_SYS_MMAN_H 1
#define HAVE_SYS_TIMES_H 1
#define HAVE_CTYPE_H 1
#define HAVE_SYS_TYPES_H 1
#define HAVE_MATH_H 1
#define HAVE_PTHREAD_H 1
#define HAVE_LIBM 1
#define HAVE_LIBM 1
#define HAVE_LIBM 1
#define HAVE_LIBPTHREAD 1
#define HAVE_LIBPTHREAD 1
#define HAVE_STDLIB_H 1
#define HAVE_UNISTD_H 1
#define HAVE_SYS_PARAM_H 1
#define HAVE_GETPAGESIZE 1
#define HAVE_MMAP 1
#define HAVE_TLS_KEYWORD 1
#define HAVE_SYS_CONF_SC_NPROCESSORS_CONF 1

configure: exit 0
